Exception in thread Thread-1:
Traceback (most recent call last):
  File "/opt/homebrew/Cellar/python@3.12/3.12.5/Frameworks/Python.framework/Versions/3.12/lib/python3.12/threading.py", line 1075, in _bootstrap_inner
    self.run()
  File "/Users/adamy/venv/lib/python3.12/site-packages/watchdog/observers/api.py", line 213, in run
    self.dispatch_events(self.event_queue)
  File "/Users/adamy/venv/lib/python3.12/site-packages/watchdog/observers/api.py", line 391, in dispatch_events
    handler.dispatch(event)
  File "/Users/adamy/venv/lib/python3.12/site-packages/watchdog/events.py", line 217, in dispatch
    getattr(self, f"on_{event.event_type}")(event)
  File "/Users/adamy/cleaner/cleaner.py", line 58, in on_modified
    self.check_image_files(entry, name)
  File "/Users/adamy/cleaner/cleaner.py", line 78, in check_image_files
    for image_extension in image_extensions:
                           ^^^^^^^^^^^^^^^^
NameError: name 'image_extensions' is not defined. Did you mean: 'image_extension'?
2024-08-26 20:49:51 - Moved document file: Adverse_Action_Letter.pdf
2024-09-18 15:28:30 - Moved document file: document.pdf
2024-09-23 22:30:56 - Moved video file: RPReplay_Final1727140202.mov
2024-09-23 22:30:56 - Moved video file: RPReplay_Final1727138483.mov
2024-09-23 22:30:56 - Moved video file: RPReplay_Final1727138520.mov
2024-09-23 22:30:56 - Moved video file: RPReplay_Final1727140313.mov
2024-09-23 22:30:56 - Moved video file: RPReplay_Final1727139347.mov
2024-09-23 22:30:56 - Moved video file: RPReplay_Final1727138918.mov
2024-09-23 22:30:56 - Moved video file: RPReplay_Final1727139637.mov
2024-09-23 22:30:56 - Moved video file: RPReplay_Final1727138362.MP4
2024-09-23 22:30:56 - Moved video file: RPReplay_Final1727139157.mov
2024-09-23 22:30:56 - Moved video file: RPReplay_Final1727140008.mov
2024-09-23 22:30:56 - Moved video file: RPReplay_Final1727138771.mov
2024-09-23 22:31:39 - Moved video file: RPReplay_Final1727140202.mov
2024-09-23 22:31:39 - Moved video file: RPReplay_Final1727138483.mov
2024-09-23 22:31:39 - Moved video file: RPReplay_Final1727138520.mov
2024-09-23 22:31:39 - Moved video file: RPReplay_Final1727140313.mov
2024-09-23 22:31:39 - Moved video file: RPReplay_Final1727139347.mov
2024-09-23 22:31:39 - Moved video file: RPReplay_Final1727138918.mov
2024-09-23 22:31:39 - Moved video file: RPReplay_Final1727139637.mov
2024-09-23 22:31:39 - Moved video file: RPReplay_Final1727138362.MP4
2024-09-23 22:31:39 - Moved video file: RPReplay_Final1727139157.mov
2024-09-23 22:31:39 - Moved video file: RPReplay_Final1727140008.mov
2024-09-23 22:31:39 - Moved video file: RPReplay_Final1727138771.mov
2024-09-23 22:36:02 - Moved video file: RPReplay_Final1727140202.mov
2024-09-23 22:36:02 - Moved video file: RPReplay_Final1727138483.mov
2024-09-23 22:36:02 - Moved video file: RPReplay_Final1727138520.mov
2024-09-23 22:36:02 - Moved video file: RPReplay_Final1727140313.mov
2024-09-23 22:36:02 - Moved video file: RPReplay_Final1727139347.mov
2024-09-23 22:36:02 - Moved video file: RPReplay_Final1727138918.mov
2024-09-23 22:36:02 - Moved video file: RPReplay_Final1727139637.mov
2024-09-23 22:36:02 - Moved video file: RPReplay_Final1727139157.mov
2024-09-23 22:36:02 - Moved video file: RPReplay_Final1727140008.mov
2024-09-23 22:36:02 - Moved video file: RPReplay_Final1727138771.mov
2024-09-23 22:36:02 - Moved video file: RPReplay_Final1727138362.mov
2024-09-23 22:36:31 - Moved video file: RPReplay_Final1727140202.mov
2024-09-23 22:36:31 - Moved video file: RPReplay_Final1727138483.mov
2024-09-23 22:36:31 - Moved video file: RPReplay_Final1727138520.mov
2024-09-23 22:36:31 - Moved video file: RPReplay_Final1727140313.mov
2024-09-23 22:36:31 - Moved video file: RPReplay_Final1727139347.mov
2024-09-23 22:36:31 - Moved video file: RPReplay_Final1727138918.mov
2024-09-23 22:36:31 - Moved video file: RPReplay_Final1727139637.mov
2024-09-23 22:36:31 - Moved video file: RPReplay_Final1727139157.mov
2024-09-23 22:36:31 - Moved video file: RPReplay_Final1727140008.mov
2024-09-23 22:36:31 - Moved video file: RPReplay_Final1727138771.mov
2024-09-23 22:36:31 - Moved video file: RPReplay_Final1727138362.mov
2024-09-23 22:37:14 - Moved video file: RPReplay_Final1727140202.mov
2024-09-23 22:37:14 - Moved video file: RPReplay_Final1727138483.mov
2024-09-23 22:37:14 - Moved video file: RPReplay_Final1727138520.mov
2024-09-23 22:37:14 - Moved video file: RPReplay_Final1727140313.mov
2024-09-23 22:37:14 - Moved video file: RPReplay_Final1727139347.mov
2024-09-23 22:37:14 - Moved video file: RPReplay_Final1727138918.mov
2024-09-23 22:37:14 - Moved video file: RPReplay_Final1727139637.mov
2024-09-23 22:37:14 - Moved video file: RPReplay_Final1727139157.mov
2024-09-23 22:37:14 - Moved video file: RPReplay_Final1727140008.mov
2024-09-23 22:37:14 - Moved video file: RPReplay_Final1727138771.mov
2024-09-23 22:37:14 - Moved video file: RPReplay_Final1727138362.mov
2024-09-23 22:37:46 - Moved video file: RPReplay_Final1727140202.mov
2024-09-23 22:37:46 - Moved video file: RPReplay_Final1727138483.mov
2024-09-23 22:37:46 - Moved video file: RPReplay_Final1727138520.mov
2024-09-23 22:37:46 - Moved video file: RPReplay_Final1727140313.mov
2024-09-23 22:37:46 - Moved video file: RPReplay_Final1727139347.mov
2024-09-23 22:37:46 - Moved video file: RPReplay_Final1727138918.mov
2024-09-23 22:37:46 - Moved video file: RPReplay_Final1727139637.mov
2024-09-23 22:37:46 - Moved video file: RPReplay_Final1727139157.mov
2024-09-23 22:37:46 - Moved video file: RPReplay_Final1727140008.mov
2024-09-23 22:37:46 - Moved video file: RPReplay_Final1727138771.mov
2024-09-23 22:37:46 - Moved video file: RPReplay_Final1727138362.mov
2024-09-23 22:38:43 - Moved video file: RPReplay_Final1727140202.mov
2024-09-23 22:38:43 - Moved video file: RPReplay_Final1727138483.mov
2024-09-23 22:38:43 - Moved video file: RPReplay_Final1727138520.mov
2024-09-23 22:38:43 - Moved video file: RPReplay_Final1727140313.mov
2024-09-23 22:38:43 - Moved video file: RPReplay_Final1727139347.mov
2024-09-23 22:38:43 - Moved video file: RPReplay_Final1727138918.mov
2024-09-23 22:38:43 - Moved video file: RPReplay_Final1727139637.mov
2024-09-23 22:38:43 - Moved video file: RPReplay_Final1727139157.mov
2024-09-23 22:38:43 - Moved video file: RPReplay_Final1727140008.mov
2024-09-23 22:38:43 - Moved video file: RPReplay_Final1727138771.mov
2024-09-23 22:38:43 - Moved video file: RPReplay_Final1727138362.mov
2024-09-23 22:39:12 - Moved video file: RPReplay_Final1727140202.mov
2024-09-23 22:39:12 - Moved video file: RPReplay_Final1727138483.mov
2024-09-23 22:39:12 - Moved video file: RPReplay_Final1727138520.mov
2024-09-23 22:39:12 - Moved video file: RPReplay_Final1727140313.mov
2024-09-23 22:39:12 - Moved video file: RPReplay_Final1727139347.mov
2024-09-23 22:39:12 - Moved video file: RPReplay_Final1727138918.mov
2024-09-23 22:39:12 - Moved video file: RPReplay_Final1727139637.mov
2024-09-23 22:39:12 - Moved video file: RPReplay_Final1727139157.mov
2024-09-23 22:39:12 - Moved video file: RPReplay_Final1727140008.mov
2024-09-23 22:39:12 - Moved video file: RPReplay_Final1727138771.mov
2024-09-23 22:39:12 - Moved video file: RPReplay_Final1727138362.mov
Traceback (most recent call last):
  File "/Users/adamy/cleaner/cleaner.py", line 7, in <module>
    from watchdog.observers import Observer
ModuleNotFoundError: No module named 'watchdog'
2024-09-23 22:58:26 - Moved video file: RPReplay_Final1727140202.mov
Exception in thread Thread-1:
Traceback (most recent call last):
  File "/opt/homebrew/Cellar/python@3.12/3.12.5/Frameworks/Python.framework/Versions/3.12/lib/python3.12/shutil.py", line 847, in move
    os.rename(src, real_dst)
FileNotFoundError: [Errno 2] No such file or directory: '/Users/adamy/Downloads/RPReplay_Final1727138483.mov' -> '/Users/adamy/Downloads/Video'

During handling of the above exception, another exception occurred:

Traceback (most recent call last):
  File "/opt/homebrew/Cellar/python@3.12/3.12.5/Frameworks/Python.framework/Versions/3.12/lib/python3.12/threading.py", line 1075, in _bootstrap_inner
    self.run()
  File "/Users/adamy/venv/lib/python3.12/site-packages/watchdog/observers/api.py", line 213, in run
    self.dispatch_events(self.event_queue)
  File "/Users/adamy/venv/lib/python3.12/site-packages/watchdog/observers/api.py", line 391, in dispatch_events
    handler.dispatch(event)
  File "/Users/adamy/venv/lib/python3.12/site-packages/watchdog/events.py", line 217, in dispatch
    getattr(self, f"on_{event.event_type}")(event)
  File "/Users/adamy/cleaner/cleaner.py", line 57, in on_modified
    self.check_audio_files(entry, name)
  File "/Users/adamy/cleaner/cleaner.py", line 74, in check_video_files
    for video_extension in video_extensions:
            ^^^^^^^^^^^^^^^^^^^^^^^^^^^^^^^^^
  File "/Users/adamy/cleaner/cleaner.py", line 47, in move_file
    rename(oldName, newName)
^^^^^^^^^^^^^^^^
  File "/opt/homebrew/Cellar/python@3.12/3.12.5/Frameworks/Python.framework/Versions/3.12/lib/python3.12/shutil.py", line 867, in move
    copy_function(src, real_dst)
  File "/opt/homebrew/Cellar/python@3.12/3.12.5/Frameworks/Python.framework/Versions/3.12/lib/python3.12/shutil.py", line 475, in copy2
    copyfile(src, dst, follow_symlinks=follow_symlinks)
  File "/opt/homebrew/Cellar/python@3.12/3.12.5/Frameworks/Python.framework/Versions/3.12/lib/python3.12/shutil.py", line 260, in copyfile
    with open(src, 'rb') as fsrc:
         ^^^^^^^^^^^^^^^
FileNotFoundError: [Errno 2] No such file or directory: '/Users/adamy/Downloads/RPReplay_Final1727138483.mov'
